08:52:26 Violation of PRIMARY KEY constraint 'PK__ChuyenDe__27258E0432F95FFC'. Cannot insert duplicate key in object 'dbo.ChuyenDe'. The duplicate key value is (JAV01).
08:52:26 Violation of PRIMARY KEY constraint 'PK__ChuyenDe__27258E0432F95FFC'. Cannot insert duplicate key in object 'dbo.ChuyenDe'. The duplicate key value is (JAV02).
08:52:26 Violation of PRIMARY KEY constraint 'PK__ChuyenDe__27258E0432F95FFC'. Cannot insert duplicate key in object 'dbo.ChuyenDe'. The duplicate key value is (JAV03).
08:52:26 Violation of PRIMARY KEY constraint 'PK__ChuyenDe__27258E0432F95FFC'. Cannot insert duplicate key in object 'dbo.ChuyenDe'. The duplicate key value is (JAV04).
08:52:26 Violation of PRIMARY KEY constraint 'PK__ChuyenDe__27258E0432F95FFC'. Cannot insert duplicate key in object 'dbo.ChuyenDe'. The duplicate key value is (PRO01).
08:52:26 Violation of PRIMARY KEY constraint 'PK__ChuyenDe__27258E0432F95FFC'. Cannot insert duplicate key in object 'dbo.ChuyenDe'. The duplicate key value is (PRO02).
08:52:26 Violation of PRIMARY KEY constraint 'PK__ChuyenDe__27258E0432F95FFC'. Cannot insert duplicate key in object 'dbo.ChuyenDe'. The duplicate key value is (PRO03).
08:52:26 Violation of PRIMARY KEY constraint 'PK__ChuyenDe__27258E0432F95FFC'. Cannot insert duplicate key in object 'dbo.ChuyenDe'. The duplicate key value is (PRO04).
08:52:26 Violation of PRIMARY KEY constraint 'PK__ChuyenDe__27258E0432F95FFC'. Cannot insert duplicate key in object 'dbo.ChuyenDe'. The duplicate key value is (PRO05).
08:52:26 Violation of PRIMARY KEY constraint 'PK__ChuyenDe__27258E0432F95FFC'. Cannot insert duplicate key in object 'dbo.ChuyenDe'. The duplicate key value is (PRO06).
08:52:26 Violation of PRIMARY KEY constraint 'PK__ChuyenDe__27258E0432F95FFC'. Cannot insert duplicate key in object 'dbo.ChuyenDe'. The duplicate key value is (RDB01).
08:52:26 Violation of PRIMARY KEY constraint 'PK__ChuyenDe__27258E0432F95FFC'. Cannot insert duplicate key in object 'dbo.ChuyenDe'. The duplicate key value is (RDB02).
08:52:26 Violation of PRIMARY KEY constraint 'PK__ChuyenDe__27258E0432F95FFC'. Cannot insert duplicate key in object 'dbo.ChuyenDe'. The duplicate key value is (SER01).
08:52:26 Violation of PRIMARY KEY constraint 'PK__ChuyenDe__27258E0432F95FFC'. Cannot insert duplicate key in object 'dbo.ChuyenDe'. The duplicate key value is (SER02).
08:52:26 Violation of PRIMARY KEY constraint 'PK__ChuyenDe__27258E0432F95FFC'. Cannot insert duplicate key in object 'dbo.ChuyenDe'. The duplicate key value is (SER03).
08:52:26 Violation of PRIMARY KEY constraint 'PK__ChuyenDe__27258E0432F95FFC'. Cannot insert duplicate key in object 'dbo.ChuyenDe'. The duplicate key value is (WEB01).
08:52:26 Violation of PRIMARY KEY constraint 'PK__ChuyenDe__27258E0432F95FFC'. Cannot insert duplicate key in object 'dbo.ChuyenDe'. The duplicate key value is (WEB02).
08:52:26 Violation of PRIMARY KEY constraint 'PK__ChuyenDe__27258E0432F95FFC'. Cannot insert duplicate key in object 'dbo.ChuyenDe'. The duplicate key value is (WEB03).
08:52:26 Violation of PRIMARY KEY constraint 'PK__ChuyenDe__27258E0432F95FFC'. Cannot insert duplicate key in object 'dbo.ChuyenDe'. The duplicate key value is (WEB04).
08:53:15 Violation of PRIMARY KEY constraint 'PK__NguoiHoc__2725D7382C2657F8'. Cannot insert duplicate key in object 'dbo.NguoiHoc'. The duplicate key value is (PS02037).
08:53:15 Violation of PRIMARY KEY constraint 'PK__NguoiHoc__2725D7382C2657F8'. Cannot insert duplicate key in object 'dbo.NguoiHoc'. The duplicate key value is (PS02867).
08:53:15 Violation of PRIMARY KEY constraint 'PK__NguoiHoc__2725D7382C2657F8'. Cannot insert duplicate key in object 'dbo.NguoiHoc'. The duplicate key value is (PS02930).
08:53:15 Violation of PRIMARY KEY constraint 'PK__NguoiHoc__2725D7382C2657F8'. Cannot insert duplicate key in object 'dbo.NguoiHoc'. The duplicate key value is (PS02979).
08:53:15 Violation of PRIMARY KEY constraint 'PK__NguoiHoc__2725D7382C2657F8'. Cannot insert duplicate key in object 'dbo.NguoiHoc'. The duplicate key value is (PS02983).
08:53:15 Violation of PRIMARY KEY constraint 'PK__NguoiHoc__2725D7382C2657F8'. Cannot insert duplicate key in object 'dbo.NguoiHoc'. The duplicate key value is (PS02988).
08:53:15 Violation of PRIMARY KEY constraint 'PK__NguoiHoc__2725D7382C2657F8'. Cannot insert duplicate key in object 'dbo.NguoiHoc'. The duplicate key value is (PS03031).
08:53:15 Violation of PRIMARY KEY constraint 'PK__NguoiHoc__2725D7382C2657F8'. Cannot insert duplicate key in object 'dbo.NguoiHoc'. The duplicate key value is (PS03046).
08:53:15 Violation of PRIMARY KEY constraint 'PK__NguoiHoc__2725D7382C2657F8'. Cannot insert duplicate key in object 'dbo.NguoiHoc'. The duplicate key value is (PS03080).
08:53:15 Violation of PRIMARY KEY constraint 'PK__NguoiHoc__2725D7382C2657F8'. Cannot insert duplicate key in object 'dbo.NguoiHoc'. The duplicate key value is (PS03088).
08:53:15 Violation of PRIMARY KEY constraint 'PK__NguoiHoc__2725D7382C2657F8'. Cannot insert duplicate key in object 'dbo.NguoiHoc'. The duplicate key value is (PS03096).
08:53:15 Violation of PRIMARY KEY constraint 'PK__NguoiHoc__2725D7382C2657F8'. Cannot insert duplicate key in object 'dbo.NguoiHoc'. The duplicate key value is (PS03104).
08:53:15 Violation of PRIMARY KEY constraint 'PK__NguoiHoc__2725D7382C2657F8'. Cannot insert duplicate key in object 'dbo.NguoiHoc'. The duplicate key value is (PS03120).
08:53:15 Violation of PRIMARY KEY constraint 'PK__NguoiHoc__2725D7382C2657F8'. Cannot insert duplicate key in object 'dbo.NguoiHoc'. The duplicate key value is (PS03130).
08:53:15 Violation of PRIMARY KEY constraint 'PK__NguoiHoc__2725D7382C2657F8'. Cannot insert duplicate key in object 'dbo.NguoiHoc'. The duplicate key value is (PS03134).
08:53:15 Violation of PRIMARY KEY constraint 'PK__NguoiHoc__2725D7382C2657F8'. Cannot insert duplicate key in object 'dbo.NguoiHoc'. The duplicate key value is (PS03172).
08:53:15 Violation of PRIMARY KEY constraint 'PK__NguoiHoc__2725D7382C2657F8'. Cannot insert duplicate key in object 'dbo.NguoiHoc'. The duplicate key value is (PS03202).
08:53:15 Violation of PRIMARY KEY constraint 'PK__NguoiHoc__2725D7382C2657F8'. Cannot insert duplicate key in object 'dbo.NguoiHoc'. The duplicate key value is (PS03203).
08:53:15 Violation of PRIMARY KEY constraint 'PK__NguoiHoc__2725D7382C2657F8'. Cannot insert duplicate key in object 'dbo.NguoiHoc'. The duplicate key value is (PS03205).
08:53:15 Violation of PRIMARY KEY constraint 'PK__NguoiHoc__2725D7382C2657F8'. Cannot insert duplicate key in object 'dbo.NguoiHoc'. The duplicate key value is (PS03222).
08:53:15 Violation of PRIMARY KEY constraint 'PK__NguoiHoc__2725D7382C2657F8'. Cannot insert duplicate key in object 'dbo.NguoiHoc'. The duplicate key value is (PS03230).
08:53:15 Violation of PRIMARY KEY constraint 'PK__NguoiHoc__2725D7382C2657F8'. Cannot insert duplicate key in object 'dbo.NguoiHoc'. The duplicate key value is (PS03233).
08:53:15 Violation of PRIMARY KEY constraint 'PK__NguoiHoc__2725D7382C2657F8'. Cannot insert duplicate key in object 'dbo.NguoiHoc'. The duplicate key value is (PS03251).
08:53:15 Violation of PRIMARY KEY constraint 'PK__NguoiHoc__2725D7382C2657F8'. Cannot insert duplicate key in object 'dbo.NguoiHoc'. The duplicate key value is (PS03304).
08:53:15 Violation of PRIMARY KEY constraint 'PK__NguoiHoc__2725D7382C2657F8'. Cannot insert duplicate key in object 'dbo.NguoiHoc'. The duplicate key value is (PS03306).
08:53:15 Violation of PRIMARY KEY constraint 'PK__NguoiHoc__2725D7382C2657F8'. Cannot insert duplicate key in object 'dbo.NguoiHoc'. The duplicate key value is (PS03308).
08:53:15 Violation of PRIMARY KEY constraint 'PK__NguoiHoc__2725D7382C2657F8'. Cannot insert duplicate key in object 'dbo.NguoiHoc'. The duplicate key value is (PS03325).
08:53:15 Violation of PRIMARY KEY constraint 'PK__NguoiHoc__2725D7382C2657F8'. Cannot insert duplicate key in object 'dbo.NguoiHoc'. The duplicate key value is (PS03346).
08:53:15 Violation of PRIMARY KEY constraint 'PK__NguoiHoc__2725D7382C2657F8'. Cannot insert duplicate key in object 'dbo.NguoiHoc'. The duplicate key value is (PS03383).
08:53:15 Violation of PRIMARY KEY constraint 'PK__NguoiHoc__2725D7382C2657F8'. Cannot insert duplicate key in object 'dbo.NguoiHoc'. The duplicate key value is (PS03389).
08:53:15 Violation of PRIMARY KEY constraint 'PK__NguoiHoc__2725D7382C2657F8'. Cannot insert duplicate key in object 'dbo.NguoiHoc'. The duplicate key value is (PS03410).
08:53:15 Violation of PRIMARY KEY constraint 'PK__NguoiHoc__2725D7382C2657F8'. Cannot insert duplicate key in object 'dbo.NguoiHoc'. The duplicate key value is (PS03411).
08:53:15 Violation of PRIMARY KEY constraint 'PK__NguoiHoc__2725D7382C2657F8'. Cannot insert duplicate key in object 'dbo.NguoiHoc'. The duplicate key value is (PS03425).
08:53:15 Violation of PRIMARY KEY constraint 'PK__NguoiHoc__2725D7382C2657F8'. Cannot insert duplicate key in object 'dbo.NguoiHoc'. The duplicate key value is (PS03454).
08:53:15 Violation of PRIMARY KEY constraint 'PK__NguoiHoc__2725D7382C2657F8'. Cannot insert duplicate key in object 'dbo.NguoiHoc'. The duplicate key value is (PS03472).
08:53:15 Violation of PRIMARY KEY constraint 'PK__NguoiHoc__2725D7382C2657F8'. Cannot insert duplicate key in object 'dbo.NguoiHoc'. The duplicate key value is (PS03488).
08:53:15 Violation of PRIMARY KEY constraint 'PK__NguoiHoc__2725D7382C2657F8'. Cannot insert duplicate key in object 'dbo.NguoiHoc'. The duplicate key value is (PS03530).
08:53:16 Violation of PRIMARY KEY constraint 'PK__NguoiHoc__2725D7382C2657F8'. Cannot insert duplicate key in object 'dbo.NguoiHoc'. The duplicate key value is (PS03553).
08:53:16 Violation of PRIMARY KEY constraint 'PK__NguoiHoc__2725D7382C2657F8'. Cannot insert duplicate key in object 'dbo.NguoiHoc'. The duplicate key value is (PS03561).
08:53:16 Violation of PRIMARY KEY constraint 'PK__NguoiHoc__2725D7382C2657F8'. Cannot insert duplicate key in object 'dbo.NguoiHoc'. The duplicate key value is (PS03596).
08:53:16 Violation of PRIMARY KEY constraint 'PK__NguoiHoc__2725D7382C2657F8'. Cannot insert duplicate key in object 'dbo.NguoiHoc'. The duplicate key value is (PS03603).
08:53:16 Violation of PRIMARY KEY constraint 'PK__NguoiHoc__2725D7382C2657F8'. Cannot insert duplicate key in object 'dbo.NguoiHoc'. The duplicate key value is (PS03610).
08:53:16 Violation of PRIMARY KEY constraint 'PK__NguoiHoc__2725D7382C2657F8'. Cannot insert duplicate key in object 'dbo.NguoiHoc'. The duplicate key value is (PS03614).
08:53:16 Violation of PRIMARY KEY constraint 'PK__NguoiHoc__2725D7382C2657F8'. Cannot insert duplicate key in object 'dbo.NguoiHoc'. The duplicate key value is (PS03618).
08:53:16 Violation of PRIMARY KEY constraint 'PK__NguoiHoc__2725D7382C2657F8'. Cannot insert duplicate key in object 'dbo.NguoiHoc'. The duplicate key value is (PS03638).
08:53:16 Violation of PRIMARY KEY constraint 'PK__NguoiHoc__2725D7382C2657F8'. Cannot insert duplicate key in object 'dbo.NguoiHoc'. The duplicate key value is (PS03640).
08:53:16 Violation of PRIMARY KEY constraint 'PK__NguoiHoc__2725D7382C2657F8'. Cannot insert duplicate key in object 'dbo.NguoiHoc'. The duplicate key value is (PS03662).
08:53:16 Violation of PRIMARY KEY constraint 'PK__NguoiHoc__2725D7382C2657F8'. Cannot insert duplicate key in object 'dbo.NguoiHoc'. The duplicate key value is (PS03674).
